0 info it worked if it ends with ok
1 verbose cli [
1 verbose cli   'C:\\Program Files\\nodejs\\node.exe',
1 verbose cli   'C:\\Users\\Ashish Boltar\\AppData\\Roaming\\npm\\node_modules\\npm\\bin\\npm-cli.js',
1 verbose cli   'run',
1 verbose cli   'build'
1 verbose cli ]
2 info using npm@6.14.5
3 info using node@v12.16.3
4 verbose run-script [ 'prebuild', 'build', 'postbuild' ]
5 info lifecycle monsters-rolodex@0.1.0~prebuild: monsters-rolodex@0.1.0
6 info lifecycle monsters-rolodex@0.1.0~build: monsters-rolodex@0.1.0
7 verbose lifecycle monsters-rolodex@0.1.0~build: unsafe-perm in lifecycle true
8 verbose lifecycle monsters-rolodex@0.1.0~build: PATH: C:\Users\Ashish Boltar\AppData\Roaming\npm\node_modules\npm\node_modules\npm-lifecycle\node-gyp-bin;D:\LC\codes\react\node_modules\.bin;C:\Program Files\Git\mingw64\bin;C:\Program Files\Git\usr\bin;C:\Users\Ashish Boltar\bin;C:\Windows\system32;C:\Windows;C:\Windows\System32\Wbem;C:\Windows\System32\WindowsPowerShell\v1.0;C:\Windows\System32\OpenSSH;C:\Program Files\Git\cmd;C:\Program Files\nodejs;C:\Program Files (x86)\Yarn\bin;C:\Users\Ashish Boltar\AppData\Local\Microsoft\WindowsApps;C:\Users\Ashish Boltar\AppData\Local\Programs\Microsoft VS Code\bin;C:\Program Files\nodejs;C:\Program Files\heroku\bin;C:\Users\Ashish Boltar\AppData\Local\hyper\app-3.0.2\resources\bin;C:\Users\Ashish Boltar\AppData\Roaming\npm;C:\Users\Ashish Boltar\AppData\Local\Yarn\bin
9 verbose lifecycle monsters-rolodex@0.1.0~build: CWD: D:\LC\codes\react
10 silly lifecycle monsters-rolodex@0.1.0~build: Args: [ '/d /s /c', 'react-scripts build' ]
11 silly lifecycle monsters-rolodex@0.1.0~build: Returned: code: 1  signal: null
12 info lifecycle monsters-rolodex@0.1.0~build: Failed to exec build script
13 verbose stack Error: monsters-rolodex@0.1.0 build: `react-scripts build`
13 verbose stack Exit status 1
13 verbose stack     at EventEmitter.<anonymous> (C:\Users\Ashish Boltar\AppData\Roaming\npm\node_modules\npm\node_modules\npm-lifecycle\index.js:332:16)
13 verbose stack     at EventEmitter.emit (events.js:310:20)
13 verbose stack     at ChildProcess.<anonymous> (C:\Users\Ashish Boltar\AppData\Roaming\npm\node_modules\npm\node_modules\npm-lifecycle\lib\spawn.js:55:14)
13 verbose stack     at ChildProcess.emit (events.js:310:20)
13 verbose stack     at maybeClose (internal/child_process.js:1021:16)
13 verbose stack     at Process.ChildProcess._handle.onexit (internal/child_process.js:286:5)
14 verbose pkgid monsters-rolodex@0.1.0
15 verbose cwd D:\LC\codes\react
16 verbose Windows_NT 10.0.17763
17 verbose argv "C:\\Program Files\\nodejs\\node.exe" "C:\\Users\\Ashish Boltar\\AppData\\Roaming\\npm\\node_modules\\npm\\bin\\npm-cli.js" "run" "build"
18 verbose node v12.16.3
19 verbose npm  v6.14.5
20 error code ELIFECYCLE
21 error errno 1
22 error monsters-rolodex@0.1.0 build: `react-scripts build`
22 error Exit status 1
23 error Failed at the monsters-rolodex@0.1.0 build script.
23 error This is probably not a problem with npm. There is likely additional logging output above.
24 verbose exit [ 1, true ]
