0 info it worked if it ends with ok
1 verbose cli [
1 verbose cli   'C:\\Program Files\\nodejs\\node.exe',
1 verbose cli   'C:\\Users\\Ashish Boltar\\AppData\\Roaming\\npm\\node_modules\\npm\\bin\\npm-cli.js',
1 verbose cli   'star'
1 verbose cli ]
2 info using npm@6.14.5
3 info using node@v12.16.3
4 verbose npm-session 8742491d18c6cea5
5 verbose stack Error: npm star [<pkg>...]
5 verbose stack npm unstar [<pkg>...]
5 verbose stack
5 verbose stack alias: unstar
5 verbose stack     at C:\Users\Ashish Boltar\AppData\Roaming\npm\node_modules\npm\lib\star.js:35:29
5 verbose stack     at tryCatcher (C:\Users\Ashish Boltar\AppData\Roaming\npm\node_modules\npm\node_modules\bluebird\js\release\util.js:16:23)
5 verbose stack     at Function.Promise.attempt.Promise.try (C:\Users\Ashish Boltar\AppData\Roaming\npm\node_modules\npm\node_modules\bluebird\js\release\method.js:39:29)
5 verbose stack     at EventEmitter.star (C:\Users\Ashish Boltar\AppData\Roaming\npm\node_modules\npm\lib\star.js:34:16)
5 verbose stack     at Object.commandCache.<computed> (C:\Users\Ashish Boltar\AppData\Roaming\npm\node_modules\npm\lib\npm.js:156:13)
5 verbose stack     at EventEmitter.<anonymous> (C:\Users\Ashish Boltar\AppData\Roaming\npm\node_modules\npm\bin\npm-cli.js:131:30)
5 verbose stack     at processTicksAndRejections (internal/process/task_queues.js:79:11)
6 verbose cwd D:\LC\codes\react\monsters-rolodex
7 verbose Windows_NT 10.0.17763
8 verbose argv "C:\\Program Files\\nodejs\\node.exe" "C:\\Users\\Ashish Boltar\\AppData\\Roaming\\npm\\node_modules\\npm\\bin\\npm-cli.js" "star"
9 verbose node v12.16.3
10 verbose npm  v6.14.5
11 error npm star [<pkg>...]
11 error npm unstar [<pkg>...]
11 error
11 error alias: unstar
12 verbose exit [ 1, true ]
